{
 "displayTimeUnit": "ms",
 "traceEvents": [
  {
   "ts": 0,
   "pid": "Truck:0",
   "tid": "Truck:0",
   "cat": "ddd",
   "args": {
    "cargo": [
     "CARGO:Factory_Warehouse A_0"
    ],
    "transport": "Truck:0"
   },
   "ph": "B",
   "name": "Factory-Port"
  },
  {
   "ts": 1,
   "pid": "Truck:0",
   "tid": "Truck:0",
   "cat": "ddd",
   "args": {
    "cargo": [
     "CARGO:Factory_Warehouse A_0"
    ],
    "transport": "Truck:0"
   },
   "ph": "E"
  },
  {
   "ts": 1,
   "pid": "Truck:0",
   "tid": "Truck:0",
   "cat": "ddd",
   "args": {
    "cargo": [],
    "transport": "Truck:0"
   },
   "ph": "B",
   "name": "Port-Factory"
  },
  {
   "ts": 1,
   "pid": "Ship:0",
   "tid": "Ship:0",
   "cat": "ddd",
   "args": {
    "cargo": [
     "CARGO:Factory_Warehouse A_0"
    ],
    "transport": "Ship:0"
   },
   "ph": "B",
   "name": "Port-Warehouse A"
  },
  {
   "ts": 2,
   "pid": "Truck:0",
   "tid": "Truck:0",
   "cat": "ddd",
   "args": {
    "cargo": [],
    "transport": "Truck:0"
   },
   "ph": "E"
  },
  {
   "ts": 5,
   "pid": "Ship:0",
   "tid": "Ship:0",
   "cat": "ddd",
   "args": {
    "cargo": [
     "CARGO:Factory_Warehouse A_0"
    ],
    "transport": "Ship:0"
   },
   "ph": "E"
  },
  {
   "ts": 5,
   "pid": "Ship:0",
   "tid": "Ship:0",
   "cat": "ddd",
   "args": {
    "cargo": [],
    "transport": "Ship:0"
   },
   "ph": "B",
   "name": "Warehouse A-Port"
  }
 ]
}
