{
 "displayTimeUnit": "ms",
 "traceEvents": [
  {
   "ts": 0,
   "pid": "Truck:0",
   "tid": "Truck:0",
   "cat": "ddd",
   "args": {
    "cargo": [
     "CARGO:Factory_A_0"
    ],
    "transport": "Truck:0"
   },
   "ph": "B",
   "name": "Factory-Port"
  },
  {
   "ts": 0,
   "pid": "Truck:1",
   "tid": "Truck:1",
   "cat": "ddd",
   "args": {
    "cargo": [
     "CARGO:Factory_B_1"
    ],
    "transport": "Truck:1"
   },
   "ph": "B",
   "name": "Factory-B"
  },
  {
   "ts": 1,
   "pid": "Truck:0",
   "tid": "Truck:0",
   "cat": "ddd",
   "args": {
    "cargo": [
     "CARGO:Factory_A_0"
    ],
    "transport": "Truck:0"
   },
   "ph": "E"
  },
  {
   "ts": 1,
   "pid": "Truck:0",
   "tid": "Truck:0",
   "cat": "ddd",
   "args": {
    "cargo": [],
    "transport": "Truck:0"
   },
   "ph": "B",
   "name": "Port-Factory"
  },
  {
   "ts": 1,
   "pid": "Ship:2",
   "tid": "Ship:2",
   "cat": "ddd",
   "args": {
    "cargo": [
     "CARGO:Factory_A_0"
    ],
    "transport": "Ship:2"
   },
   "ph": "X",
   "dur": 1,
   "name": "LOAD"
  },
  {
   "ts": 2,
   "pid": "Truck:0",
   "tid": "Truck:0",
   "cat": "ddd",
   "args": {
    "cargo": [],
    "transport": "Truck:0"
   },
   "ph": "E"
  },
  {
   "ts": 2,
   "pid": "Truck:0",
   "tid": "Truck:0",
   "cat": "ddd",
   "args": {
    "cargo": [
     "CARGO:Factory_B_2"
    ],
    "transport": "Truck:0"
   },
   "ph": "B",
   "name": "Factory-B"
  },
  {
   "ts": 2,
   "pid": "Ship:2",
   "tid": "Ship:2",
   "cat": "ddd",
   "args": {
    "cargo": [
     "CARGO:Factory_A_0"
    ],
    "transport": "Ship:2"
   },
   "ph": "B",
   "name": "Port-A"
  },
  {
   "ts": 5,
   "pid": "Truck:1",
   "tid": "Truck:1",
   "cat": "ddd",
   "args": {
    "cargo": [
     "CARGO:Factory_B_1"
    ],
    "transport": "Truck:1"
   },
   "ph": "E"
  },
  {
   "ts": 5,
   "pid": "Truck:1",
   "tid": "Truck:1",
   "cat": "ddd",
   "args": {
    "cargo": [],
    "transport": "Truck:1"
   },
   "ph": "B",
   "name": "B-Factory"
  },
  {
   "ts": 7,
   "pid": "Truck:0",
   "tid": "Truck:0",
   "cat": "ddd",
   "args": {
    "cargo": [
     "CARGO:Factory_B_2"
    ],
    "transport": "Truck:0"
   },
   "ph": "E"
  },
  {
   "ts": 7,
   "pid": "Truck:0",
   "tid": "Truck:0",
   "cat": "ddd",
   "args": {
    "cargo": [],
    "transport": "Truck:0"
   },
   "ph": "B",
   "name": "B-Factory"
  },
  {
   "ts": 8,
   "pid": "Ship:2",
   "tid": "Ship:2",
   "cat": "ddd",
   "args": {
    "cargo": [
     "CARGO:Factory_A_0"
    ],
    "transport": "Ship:2"
   },
   "ph": "E"
  },
  {
   "ts": 8,
   "pid": "Ship:2",
   "tid": "Ship:2",
   "cat": "ddd",
   "args": {
    "cargo": [
     "CARGO:Factory_A_0"
    ],
    "transport": "Ship:2"
   },
   "ph": "X",
   "dur": 1,
   "name": "UNLOAD"
  },
  {
   "ts": 9,
   "pid": "Ship:2",
   "tid": "Ship:2",
   "cat": "ddd",
   "args": {
    "cargo": [],
    "transport": "Ship:2"
   },
   "ph": "B",
   "name": "A-Port"
  }
 ]
}
