{
 "displayTimeUnit": "ms",
 "traceEvents": [
  {
   "ts": 0,
   "pid": "Truck:0",
   "tid": "Truck:0",
   "cat": "ddd",
   "args": {
    "cargo": [
     "CARGO:Factory_A_0"
    ],
    "transport": "Truck:0"
   },
   "ph": "B",
   "name": "Factory-Port"
  },
  {
   "ts": 0,
   "pid": "Truck:1",
   "tid": "Truck:1",
   "cat": "ddd",
   "args": {
    "cargo": [
     "CARGO:Factory_B_1"
    ],
    "transport": "Truck:1"
   },
   "ph": "B",
   "name": "Factory-B"
  },
  {
   "ts": 1,
   "pid": "Truck:0",
   "tid": "Truck:0",
   "cat": "ddd",
   "args": {
    "cargo": [
     "CARGO:Factory_A_0"
    ],
    "transport": "Truck:0"
   },
   "ph": "E"
  },
  {
   "ts": 1,
   "pid": "Truck:0",
   "tid": "Truck:0",
   "cat": "ddd",
   "args": {
    "cargo": [],
    "transport": "Truck:0"
   },
   "ph": "B",
   "name": "Port-Factory"
  },
  {
   "ts": 1,
   "pid": "Ship:2",
   "tid": "Ship:2",
   "cat": "ddd",
   "args": {
    "cargo": [
     "CARGO:Factory_A_0"
    ],
    "transport": "Ship:2"
   },
   "ph": "X",
   "dur": 1,
   "name": "LOAD"
  },
  {
   "ts": 2,
   "pid": "Truck:0",
   "tid": "Truck:0",
   "cat": "ddd",
   "args": {
    "cargo": [],
    "transport": "Truck:0"
   },
   "ph": "E"
  },
  {
   "ts": 2,
   "pid": "Truck:0",
   "tid": "Truck:0",
   "cat": "ddd",
   "args": {
    "cargo": [
     "CARGO:Factory_B_2"
    ],
    "transport": "Truck:0"
   },
   "ph": "B",
   "name": "Factory-B"
  },
  {
   "ts": 2,
   "pid": "Ship:2",
   "tid": "Ship:2",
   "cat": "ddd",
   "args": {
    "cargo": [
     "CARGO:Factory_A_0"
    ],
    "transport": "Ship:2"
   },
   "ph": "B",
   "name": "Port-A"
  },
  {
   "ts": 5,
   "pid": "Truck:1",
   "tid": "Truck:1",
   "cat": "ddd",
   "args": {
    "cargo": [
     "CARGO:Factory_B_1"
    ],
    "transport": "Truck:1"
   },
   "ph": "E"
  },
  {
   "ts": 5,
   "pid": "Truck:1",
   "tid": "Truck:1",
   "cat": "ddd",
   "args": {
    "cargo": [],
    "transport": "Truck:1"
   },
   "ph": "B",
   "name": "B-Factory"
  },
  {
   "ts": 7,
   "pid": "Truck:0",
   "tid": "Truck:0",
   "cat": "ddd",
   "args": {
    "cargo": [
     "CARGO:Factory_B_2"
    ],
    "transport": "Truck:0"
   },
   "ph": "E"
  },
  {
   "ts": 7,
   "pid": "Truck:0",
   "tid": "Truck:0",
   "cat": "ddd",
   "args": {
    "cargo": [],
    "transport": "Truck:0"
   },
   "ph": "B",
   "name": "B-Factory"
  },
  {
   "ts": 8,
   "pid": "Ship:2",
   "tid": "Ship:2",
   "cat": "ddd",
   "args": {
    "cargo": [
     "CARGO:Factory_A_0"
    ],
    "transport": "Ship:2"
   },
   "ph": "E"
  },
  {
   "ts": 8,
   "pid": "Ship:2",
   "tid": "Ship:2",
   "cat": "ddd",
   "args": {
    "cargo": [
     "CARGO:Factory_A_0"
    ],
    "transport": "Ship:2"
   },
   "ph": "X",
   "dur": 1,
   "name": "UNLOAD"
  },
  {
   "ts": 9,
   "pid": "Ship:2",
   "tid": "Ship:2",
   "cat": "ddd",
   "args": {
    "cargo": [],
    "transport": "Ship:2"
   },
   "ph": "B",
   "name": "A-Port"
  },
  {
   "ts": 10,
   "pid": "Truck:1",
   "tid": "Truck:1",
   "cat": "ddd",
   "args": {
    "cargo": [],
    "transport": "Truck:1"
   },
   "ph": "E"
  },
  {
   "ts": 10,
   "pid": "Truck:1",
   "tid": "Truck:1",
   "cat": "ddd",
   "args": {
    "cargo": [
     "CARGO:Factory_B_3"
    ],
    "transport": "Truck:1"
   },
   "ph": "B",
   "name": "Factory-B"
  },
  {
   "ts": 12,
   "pid": "Truck:0",
   "tid": "Truck:0",
   "cat": "ddd",
   "args": {
    "cargo": [],
    "transport": "Truck:0"
   },
   "ph": "E"
  },
  {
   "ts": 12,
   "pid": "Truck:0",
   "tid": "Truck:0",
   "cat": "ddd",
   "args": {
    "cargo": [
     "CARGO:Factory_A_4"
    ],
    "transport": "Truck:0"
   },
   "ph": "B",
   "name": "Factory-Port"
  },
  {
   "ts": 13,
   "pid": "Truck:0",
   "tid": "Truck:0",
   "cat": "ddd",
   "args": {
    "cargo": [
     "CARGO:Factory_A_4"
    ],
    "transport": "Truck:0"
   },
   "ph": "E"
  },
  {
   "ts": 13,
   "pid": "Truck:0",
   "tid": "Truck:0",
   "cat": "ddd",
   "args": {
    "cargo": [],
    "transport": "Truck:0"
   },
   "ph": "B",
   "name": "Port-Factory"
  },
  {
   "ts": 14,
   "pid": "Truck:0",
   "tid": "Truck:0",
   "cat": "ddd",
   "args": {
    "cargo": [],
    "transport": "Truck:0"
   },
   "ph": "E"
  },
  {
   "ts": 14,
   "pid": "Truck:0",
   "tid": "Truck:0",
   "cat": "ddd",
   "args": {
    "cargo": [
     "CARGO:Factory_B_5"
    ],
    "transport": "Truck:0"
   },
   "ph": "B",
   "name": "Factory-B"
  },
  {
   "ts": 15,
   "pid": "Truck:1",
   "tid": "Truck:1",
   "cat": "ddd",
   "args": {
    "cargo": [
     "CARGO:Factory_B_3"
    ],
    "transport": "Truck:1"
   },
   "ph": "E"
  },
  {
   "ts": 15,
   "pid": "Truck:1",
   "tid": "Truck:1",
   "cat": "ddd",
   "args": {
    "cargo": [],
    "transport": "Truck:1"
   },
   "ph": "B",
   "name": "B-Factory"
  },
  {
   "ts": 15,
   "pid": "Ship:2",
   "tid": "Ship:2",
   "cat": "ddd",
   "args": {
    "cargo": [],
    "transport": "Ship:2"
   },
   "ph": "E"
  },
  {
   "ts": 15,
   "pid": "Ship:2",
   "tid": "Ship:2",
   "cat": "ddd",
   "args": {
    "cargo": [
     "CARGO:Factory_A_4"
    ],
    "transport": "Ship:2"
   },
   "ph": "X",
   "dur": 1,
   "name": "LOAD"
  },
  {
   "ts": 16,
   "pid": "Ship:2",
   "tid": "Ship:2",
   "cat": "ddd",
   "args": {
    "cargo": [
     "CARGO:Factory_A_4"
    ],
    "transport": "Ship:2"
   },
   "ph": "B",
   "name": "Port-A"
  },
  {
   "ts": 19,
   "pid": "Truck:0",
   "tid": "Truck:0",
   "cat": "ddd",
   "args": {
    "cargo": [
     "CARGO:Factory_B_5"
    ],
    "transport": "Truck:0"
   },
   "ph": "E"
  },
  {
   "ts": 19,
   "pid": "Truck:0",
   "tid": "Truck:0",
   "cat": "ddd",
   "args": {
    "cargo": [],
    "transport": "Truck:0"
   },
   "ph": "B",
   "name": "B-Factory"
  },
  {
   "ts": 20,
   "pid": "Truck:1",
   "tid": "Truck:1",
   "cat": "ddd",
   "args": {
    "cargo": [],
    "transport": "Truck:1"
   },
   "ph": "E"
  },
  {
   "ts": 20,
   "pid": "Truck:1",
   "tid": "Truck:1",
   "cat": "ddd",
   "args": {
    "cargo": [
     "CARGO:Factory_A_6"
    ],
    "transport": "Truck:1"
   },
   "ph": "B",
   "name": "Factory-Port"
  },
  {
   "ts": 21,
   "pid": "Truck:1",
   "tid": "Truck:1",
   "cat": "ddd",
   "args": {
    "cargo": [
     "CARGO:Factory_A_6"
    ],
    "transport": "Truck:1"
   },
   "ph": "E"
  },
  {
   "ts": 21,
   "pid": "Truck:1",
   "tid": "Truck:1",
   "cat": "ddd",
   "args": {
    "cargo": [],
    "transport": "Truck:1"
   },
   "ph": "B",
   "name": "Port-Factory"
  },
  {
   "ts": 22,
   "pid": "Truck:1",
   "tid": "Truck:1",
   "cat": "ddd",
   "args": {
    "cargo": [],
    "transport": "Truck:1"
   },
   "ph": "E"
  },
  {
   "ts": 22,
   "pid": "Truck:1",
   "tid": "Truck:1",
   "cat": "ddd",
   "args": {
    "cargo": [
     "CARGO:Factory_A_7"
    ],
    "transport": "Truck:1"
   },
   "ph": "B",
   "name": "Factory-Port"
  },
  {
   "ts": 22,
   "pid": "Ship:2",
   "tid": "Ship:2",
   "cat": "ddd",
   "args": {
    "cargo": [
     "CARGO:Factory_A_4"
    ],
    "transport": "Ship:2"
   },
   "ph": "E"
  },
  {
   "ts": 22,
   "pid": "Ship:2",
   "tid": "Ship:2",
   "cat": "ddd",
   "args": {
    "cargo": [
     "CARGO:Factory_A_4"
    ],
    "transport": "Ship:2"
   },
   "ph": "X",
   "dur": 1,
   "name": "UNLOAD"
  },
  {
   "ts": 23,
   "pid": "Truck:1",
   "tid": "Truck:1",
   "cat": "ddd",
   "args": {
    "cargo": [
     "CARGO:Factory_A_7"
    ],
    "transport": "Truck:1"
   },
   "ph": "E"
  },
  {
   "ts": 23,
   "pid": "Truck:1",
   "tid": "Truck:1",
   "cat": "ddd",
   "args": {
    "cargo": [],
    "transport": "Truck:1"
   },
   "ph": "B",
   "name": "Port-Factory"
  },
  {
   "ts": 23,
   "pid": "Ship:2",
   "tid": "Ship:2",
   "cat": "ddd",
   "args": {
    "cargo": [],
    "transport": "Ship:2"
   },
   "ph": "B",
   "name": "A-Port"
  },
  {
   "ts": 24,
   "pid": "Truck:0",
   "tid": "Truck:0",
   "cat": "ddd",
   "args": {
    "cargo": [],
    "transport": "Truck:0"
   },
   "ph": "E"
  },
  {
   "ts": 24,
   "pid": "Truck:0",
   "tid": "Truck:0",
   "cat": "ddd",
   "args": {
    "cargo": [
     "CARGO:Factory_A_8"
    ],
    "transport": "Truck:0"
   },
   "ph": "B",
   "name": "Factory-Port"
  },
  {
   "ts": 24,
   "pid": "Truck:1",
   "tid": "Truck:1",
   "cat": "ddd",
   "args": {
    "cargo": [],
    "transport": "Truck:1"
   },
   "ph": "E"
  },
  {
   "ts": 24,
   "pid": "Truck:1",
   "tid": "Truck:1",
   "cat": "ddd",
   "args": {
    "cargo": [
     "CARGO:Factory_B_9"
    ],
    "transport": "Truck:1"
   },
   "ph": "B",
   "name": "Factory-B"
  },
  {
   "ts": 25,
   "pid": "Truck:0",
   "tid": "Truck:0",
   "cat": "ddd",
   "args": {
    "cargo": [
     "CARGO:Factory_A_8"
    ],
    "transport": "Truck:0"
   },
   "ph": "E"
  },
  {
   "ts": 25,
   "pid": "Truck:0",
   "tid": "Truck:0",
   "cat": "ddd",
   "args": {
    "cargo": [],
    "transport": "Truck:0"
   },
   "ph": "B",
   "name": "Port-Factory"
  },
  {
   "ts": 26,
   "pid": "Truck:0",
   "tid": "Truck:0",
   "cat": "ddd",
   "args": {
    "cargo": [],
    "transport": "Truck:0"
   },
   "ph": "E"
  },
  {
   "ts": 26,
   "pid": "Truck:0",
   "tid": "Truck:0",
   "cat": "ddd",
   "args": {
    "cargo": [
     "CARGO:Factory_B_10"
    ],
    "transport": "Truck:0"
   },
   "ph": "B",
   "name": "Factory-B"
  },
  {
   "ts": 29,
   "pid": "Truck:1",
   "tid": "Truck:1",
   "cat": "ddd",
   "args": {
    "cargo": [
     "CARGO:Factory_B_9"
    ],
    "transport": "Truck:1"
   },
   "ph": "E"
  },
  {
   "ts": 29,
   "pid": "Truck:1",
   "tid": "Truck:1",
   "cat": "ddd",
   "args": {
    "cargo": [],
    "transport": "Truck:1"
   },
   "ph": "B",
   "name": "B-Factory"
  },
  {
   "ts": 29,
   "pid": "Ship:2",
   "tid": "Ship:2",
   "cat": "ddd",
   "args": {
    "cargo": [],
    "transport": "Ship:2"
   },
   "ph": "E"
  },
  {
   "ts": 29,
   "pid": "Ship:2",
   "tid": "Ship:2",
   "cat": "ddd",
   "args": {
    "cargo": [
     "CARGO:Factory_A_6",
     "CARGO:Factory_A_7",
     "CARGO:Factory_A_8"
    ],
    "transport": "Ship:2"
   },
   "ph": "X",
   "dur": 1,
   "name": "LOAD"
  },
  {
   "ts": 30,
   "pid": "Ship:2",
   "tid": "Ship:2",
   "cat": "ddd",
   "args": {
    "cargo": [
     "CARGO:Factory_A_6",
     "CARGO:Factory_A_7",
     "CARGO:Factory_A_8"
    ],
    "transport": "Ship:2"
   },
   "ph": "B",
   "name": "Port-A"
  },
  {
   "ts": 31,
   "pid": "Truck:0",
   "tid": "Truck:0",
   "cat": "ddd",
   "args": {
    "cargo": [
     "CARGO:Factory_B_10"
    ],
    "transport": "Truck:0"
   },
   "ph": "E"
  },
  {
   "ts": 31,
   "pid": "Truck:0",
   "tid": "Truck:0",
   "cat": "ddd",
   "args": {
    "cargo": [],
    "transport": "Truck:0"
   },
   "ph": "B",
   "name": "B-Factory"
  },
  {
   "ts": 34,
   "pid": "Truck:1",
   "tid": "Truck:1",
   "cat": "ddd",
   "args": {
    "cargo": [],
    "transport": "Truck:1"
   },
   "ph": "E"
  },
  {
   "ts": 34,
   "pid": "Truck:1",
   "tid": "Truck:1",
   "cat": "ddd",
   "args": {
    "cargo": [
     "CARGO:Factory_B_11"
    ],
    "transport": "Truck:1"
   },
   "ph": "B",
   "name": "Factory-B"
  },
  {
   "ts": 36,
   "pid": "Truck:0",
   "tid": "Truck:0",
   "cat": "ddd",
   "args": {
    "cargo": [],
    "transport": "Truck:0"
   },
   "ph": "E"
  },
  {
   "ts": 36,
   "pid": "Ship:2",
   "tid": "Ship:2",
   "cat": "ddd",
   "args": {
    "cargo": [
     "CARGO:Factory_A_6",
     "CARGO:Factory_A_7",
     "CARGO:Factory_A_8"
    ],
    "transport": "Ship:2"
   },
   "ph": "E"
  },
  {
   "ts": 36,
   "pid": "Ship:2",
   "tid": "Ship:2",
   "cat": "ddd",
   "args": {
    "cargo": [
     "CARGO:Factory_A_6",
     "CARGO:Factory_A_7",
     "CARGO:Factory_A_8"
    ],
    "transport": "Ship:2"
   },
   "ph": "X",
   "dur": 1,
   "name": "UNLOAD"
  },
  {
   "ts": 37,
   "pid": "Ship:2",
   "tid": "Ship:2",
   "cat": "ddd",
   "args": {
    "cargo": [],
    "transport": "Ship:2"
   },
   "ph": "B",
   "name": "A-Port"
  },
  {
   "ts": 39,
   "pid": "Truck:1",
   "tid": "Truck:1",
   "cat": "ddd",
   "args": {
    "cargo": [
     "CARGO:Factory_B_11"
    ],
    "transport": "Truck:1"
   },
   "ph": "E"
  },
  {
   "ts": 39,
   "pid": "Truck:1",
   "tid": "Truck:1",
   "cat": "ddd",
   "args": {
    "cargo": [],
    "transport": "Truck:1"
   },
   "ph": "B",
   "name": "B-Factory"
  }
 ]
}
